# JRE version: OpenJDK Runtime Environment Corretto-11.0.18.10.1 (11.0.18+10) (build 11.0.18+10-LTS)
# Java VM: OpenJDK 64-Bit Server VM Corretto-11.0.18.10.1 (11.0.18+10-LTS, mixed mode, tiered, compressed oops, g1 gc, windows-amd64)
Heap:
 garbage-first heap   total 262144K, used 79052K [0x00000000e0000000, 0x0000000100000000)
  region size 1024K, 64 young (65536K), 11 survivors (11264K)
 Metaspace       used 44062K, capacity 44935K, committed 45184K, reserved 294912K
  class space    used 5721K, capacity 6003K, committed 6016K, reserved 253952K
GC Heap History (10 events):
Event: 1.692 GC heap before
{Heap before GC invocations=0 (full 0):
 garbage-first heap   total 262144K, used 29696K [0x00000000e0000000, 0x0000000100000000)
  region size 1024K, 24 young (24576K), 0 survivors (0K)
 Metaspace       used 10377K, capacity 10586K, committed 10624K, reserved 264192K
  class space    used 1066K, capacity 1124K, committed 1152K, reserved 253952K
}
Event: 1.700 GC heap after
{Heap after GC invocations=1 (full 0):
 garbage-first heap   total 262144K, used 7532K [0x00000000e0000000, 0x0000000100000000)
  region size 1024K, 3 young (3072K), 3 survivors (3072K)
 Metaspace       used 10377K, capacity 10586K, committed 10624K, reserved 264192K
  class space    used 1066K, capacity 1124K, committed 1152K, reserved 253952K
}
Event: 6.049 GC heap before
{Heap before GC invocations=1 (full 0):
 garbage-first heap   total 262144K, used 78188K [0x00000000e0000000, 0x0000000100000000)
  region size 1024K, 73 young (74752K), 3 survivors (3072K)
 Metaspace       used 20759K, capacity 21106K, committed 21248K, reserved 272384K
  class space    used 2575K, capacity 2708K, committed 2816K, reserved 253952K
}
Event: 6.066 GC heap after
{Heap after GC invocations=2 (full 0):
 garbage-first heap   total 262144K, used 15025K [0x00000000e0000000, 0x0000000100000000)
  region size 1024K, 11 young (11264K), 11 survivors (11264K)
 Metaspace       used 20759K, capacity 21106K, committed 21248K, reserved 272384K
  class space    used 2575K, capacity 2708K, committed 2816K, reserved 253952K
}
Event: 7.759 GC heap before
{Heap before GC invocations=3 (full 0):
 garbage-first heap   total 262144K, used 65201K [0x00000000e0000000, 0x0000000100000000)
  region size 1024K, 61 young (62464K), 11 survivors (11264K)
 Metaspace       used 30276K, capacity 30766K, committed 30976K, reserved 282624K
  class space    used 3782K, capacity 3987K, committed 4096K, reserved 253952K
}
Event: 7.774 GC heap after
{Heap after GC invocations=4 (full 0):
 garbage-first heap   total 262144K, used 19276K [0x00000000e0000000, 0x0000000100000000)
  region size 1024K, 5 young (5120K), 5 survivors (5120K)
 Metaspace       used 30276K, capacity 30766K, committed 30976K, reserved 282624K
  class space    used 3782K, capacity 3987K, committed 4096K, reserved 253952K
}
Event: 8.903 GC heap before
{Heap before GC invocations=4 (full 0):
 garbage-first heap   total 262144K, used 57164K [0x00000000e0000000, 0x0000000100000000)
  region size 1024K, 41 young (41984K), 5 survivors (5120K)
 Metaspace       used 35140K, capacity 35729K, committed 35840K, reserved 286720K
  class space    used 4287K, capacity 4463K, committed 4480K, reserved 253952K
}
Event: 8.922 GC heap after
{Heap after GC invocations=5 (full 0):
 garbage-first heap   total 262144K, used 21375K [0x00000000e0000000, 0x0000000100000000)
  region size 1024K, 7 young (7168K), 7 survivors (7168K)
 Metaspace       used 35140K, capacity 35729K, committed 35840K, reserved 286720K
  class space    used 4287K, capacity 4463K, committed 4480K, reserved 253952K
}
Event: 11.028 GC heap before
{Heap before GC invocations=6 (full 0):
 garbage-first heap   total 262144K, used 118655K [0x00000000e0000000, 0x0000000100000000)
  region size 1024K, 102 young (104448K), 7 survivors (7168K)
 Metaspace       used 42390K, capacity 43300K, committed 43392K, reserved 292864K
  class space    used 5459K, capacity 5702K, committed 5760K, reserved 253952K
}
Event: 11.044 GC heap after
{Heap after GC invocations=7 (full 0):
 garbage-first heap   total 262144K, used 25804K [0x00000000e0000000, 0x0000000100000000)
  region size 1024K, 11 young (11264K), 11 survivors (11264K)
 Metaspace       used 42390K, capacity 43300K, committed 43392K, reserved 292864K
  class space    used 5459K, capacity 5702K, committed 5760K, reserved 253952K
}

